[ 2018-01-17T22:21:21+08:00 ] 192.168.1.104 /index.php/Api/Payment/unifiedorder.html
INFO: [ app_init ] --START--
INFO: Run Behavior\BuildLiteBehavior [ RunTime:0.000000s ]
INFO: [ app_init ] --END-- [ RunTime:0.000000s ]
INFO: [ app_begin ] --START--
INFO: Run Behavior\ReadHtmlCacheBehavior [ RunTime:0.001000s ]
INFO: [ app_begin ] --END-- [ RunTime:0.001000s ]
ERR: 1146:Table 'xmxz.ythink_store' doesn't exist
 [ SQL语句 ] : SHOW COLUMNS FROM `ythink_store`
ERR: 1146:Table 'xmxz.ythink_store' doesn't exist
 [ SQL语句 ] : SHOW COLUMNS FROM `ythink_store`

[ 2018-01-17T22:21:21+08:00 ] 192.168.1.104 /index.php/Api/Payment/unifiedorder.html
INFO: [ app_init ] --START--
INFO: Run Behavior\BuildLiteBehavior [ RunTime:0.000000s ]
INFO: [ app_init ] --END-- [ RunTime:0.001000s ]
INFO: [ app_begin ] --START--
INFO: Run Behavior\ReadHtmlCacheBehavior [ RunTime:0.001000s ]
INFO: [ app_begin ] --END-- [ RunTime:0.001000s ]
ERR: 1146:Table 'xmxz.ythink_store' doesn't exist
 [ SQL语句 ] : SHOW COLUMNS FROM `ythink_store`
ERR: 1146:Table 'xmxz.ythink_store' doesn't exist
 [ SQL语句 ] : SHOW COLUMNS FROM `ythink_store`

